#
# There is insufficient memory for the Java Runtime Environment to continue.
# Native memory allocation (mmap) failed to map 65536 bytes for Failed to commit metaspace.
# Possible reasons:
#   The system is out of physical RAM or swap space
#   The process is running with CompressedOops enabled, and the Java Heap may be blocking the growth of the native heap
# Possible solutions:
#   Reduce memory load on the system
#   Increase physical memory or swap space
#   Check if swap backing store is full
#   Decrease Java heap size (-Xmx/-Xms)
#   Decrease number of Java threads
#   Decrease Java thread stack sizes (-Xss)
#   Set larger code cache with -XX:ReservedCodeCacheSize=
#   JVM is running with Unscaled Compressed Oops mode in which the Java heap is
#     placed in the first 4GB address space. The Java Heap base address is the
#     maximum limit for the native heap growth. Please use -XX:HeapBaseMinAddress
#     to set the Java Heap base and to place the Java Heap above 4GB virtual address.
# This output file may be truncated or incomplete.
#
#  Out of Memory Error (virtualSpaceNode.cpp:110), pid=12116, tid=18328
#
# JRE version: OpenJDK Runtime Environment Temurin-17.0.4.1+1 (17.0.4.1+1) (build 17.0.4.1+1)
# Java VM: OpenJDK 64-Bit Server VM Temurin-17.0.4.1+1 (17.0.4.1+1, mixed mode, tiered, compressed oops, compressed class ptrs, g1 gc, windows-amd64)
# No core dump will be written. Minidumps are not enabled by default on client versions of Windows
#

---------------  S U M M A R Y ------------

Command Line: -Dfile.encoding=UTF-8 -XX:+ShowCodeDetailsInExceptionMessages tp5.Principale

Host: Intel(R) Core(TM) i3-5005U CPU @ 2.00GHz, 4 cores, 3G,  Windows 10 , 64 bit Build 19041 (10.0.19041.2364)
Time: Fri Jan 27 18:10:57 2023 Paris, Madrid elapsed time: 0.215728 seconds (0d 0h 0m 0s)

---------------  T H R E A D  ---------------

Current thread (0x000002a97281ce60):  JavaThread "main" [_thread_in_vm, id=18328, stack(0x000000e6a9e00000,0x000000e6a9f00000)]

Stack: [0x000000e6a9e00000,0x000000e6a9f00000]
Native frames: (J=compiled Java code, j=interpreted, Vv=VM code, C=native code)
V  [jvm.dll+0x67731a]
V  [jvm.dll+0x832284]
V  [jvm.dll+0x833a2e]
V  [jvm.dll+0x834093]
V  [jvm.dll+0x245775]
V  [jvm.dll+0x82e22b]
V  [jvm.dll+0x61bdf6]
V  [jvm.dll+0x61be5a]
V  [jvm.dll+0x61e67a]
V  [jvm.dll+0x61c796]
V  [jvm.dll+0x62d589]
V  [jvm.dll+0x6268b4]
V  [jvm.dll+0x37fb01]
C  0x000002a90000cabe

Java frames: (J=compiled Java code, j=interpreted, Vv=VM code)
j  java.lang.Throwable.fillInStackTrace()Ljava/lang/Throwable;+0 java.base
j  java.lang.Throwable.<init>(Ljava/lang/String;)V+24 java.base
j  java.lang.Error.<init>(Ljava/lang/String;)V+2 java.base
j  java.lang.LinkageError.<init>(Ljava/lang/String;)V+2 java.base
j  java.lang.ClassFormatError.<init>(Ljava/lang/String;)V+2 java.base
v  ~StubRoutines::call_stub
j  jdk.internal.module.SystemModules$default.moduleHashes()[Ljdk/internal/module/ModuleHashes;+2 java.base
j  jdk.internal.module.SystemModuleFinders.of(Ljdk/internal/module/SystemModules;)Ljava/lang/module/ModuleFinder;+15 java.base
j  jdk.internal.module.ModuleBootstrap.boot2()Ljava/lang/ModuleLayer;+240 java.base
j  jdk.internal.module.ModuleBootstrap.boot()Ljava/lang/ModuleLayer;+64 java.base
j  java.lang.System.initPhase2(ZZ)I+0 java.base
v  ~StubRoutines::call_stub

---------------  P R O C E S S  ---------------

Threads class SMR info:
_java_thread_list=0x000002a97a900240, length=10, elements={
0x000002a97281ce60, 0x000002a97a8a4ce0, 0x000002a97a8a5bd0, 0x000002a97a8ff030,
0x000002a97a8ff8f0, 0x000002a97a9021c0, 0x000002a97a902a80, 0x000002a97a903670,
0x000002a97a95cec0, 0x000002a97a95e3e0
}

Java Threads: ( => current thread )
=>0x000002a97281ce60 JavaThread "main" [_thread_in_vm, id=18328, stack(0x000000e6a9e00000,0x000000e6a9f00000)]
  0x000002a97a8a4ce0 JavaThread "Reference Handler" daemon [_thread_blocked, id=14464, stack(0x000000e6aa500000,0x000000e6aa600000)]
  0x000002a97a8a5bd0 JavaThread "Finalizer" daemon [_thread_blocked, id=17252, stack(0x000000e6aa600000,0x000000e6aa700000)]
  0x000002a97a8ff030 JavaThread "Signal Dispatcher" daemon [_thread_blocked, id=9016, stack(0x000000e6aa700000,0x000000e6aa800000)]
  0x000002a97a8ff8f0 JavaThread "Attach Listener" daemon [_thread_blocked, id=17960, stack(0x000000e6aa800000,0x000000e6aa900000)]
  0x000002a97a9021c0 JavaThread "Service Thread" daemon [_thread_blocked, id=15216, stack(0x000000e6aa900000,0x000000e6aaa00000)]
  0x000002a97a902a80 JavaThread "Monitor Deflation Thread" daemon [_thread_blocked, id=9392, stack(0x000000e6aaa00000,0x000000e6aab00000)]
  0x000002a97a903670 JavaThread "C2 CompilerThread0" daemon [_thread_blocked, id=18492, stack(0x000000e6aab00000,0x000000e6aac00000)]
  0x000002a97a95cec0 JavaThread "C1 CompilerThread0" daemon [_thread_blocked, id=4772, stack(0x000000e6aac00000,0x000000e6aad00000)]
  0x000002a97a95e3e0 JavaThread "Sweeper thread" daemon [_thread_blocked, id=11220, stack(0x000000e6aad00000,0x000000e6aae00000)]

Other Threads:
  0x000002a9728de850 VMThread "VM Thread" [stack: 0x000000e6aa400000,0x000000e6aa500000] [id=12420]
  0x000002a9728576c0 GCTaskThread "GC Thread#0" [stack: 0x000000e6a9f00000,0x000000e6aa000000] [id=18780]
  0x000002a972861ab0 ConcurrentGCThread "G1 Main Marker" [stack: 0x000000e6aa000000,0x000000e6aa100000] [id=4548]
  0x000002a9728624c0 ConcurrentGCThread "G1 Conc#0" [stack: 0x000000e6aa100000,0x000000e6aa200000] [id=18932]
  0x000002a9728b2250 ConcurrentGCThread "G1 Refine#0" [stack: 0x000000e6aa200000,0x000000e6aa300000] [id=18396]
  0x000002a9728b4b80 ConcurrentGCThread "G1 Service" [stack: 0x000000e6aa300000,0x000000e6aa400000] [id=18476]

Threads with active compile tasks:

VM state: not at safepoint (normal execution)

VM Mutex/Monitor currently owned by a thread:  ([mutex/lock_event])
[0x000002a9728156f0] Metaspace_lock - owner thread: 0x000002a97281ce60

Heap address: 0x00000000c1800000, size: 1000 MB, Compressed Oops mode: 32-bit

CDS archive(s) not mapped
Compressed class space mapped at: 0x0000000100000000-0x0000000140000000, reserved size: 1073741824
Narrow klass base: 0x0000000000000000, Narrow klass shift: 3, Narrow klass range: 0x140000000

GC Precious Log:
 CPUs: 4 total, 4 available
 Memory: 3994M
 Large Page Support: Disabled
 NUMA Support: Disabled
 Compressed Oops: Enabled (32-bit)
 Heap Region Size: 1M
 Heap Min Capacity: 8M
 Heap Initial Capacity: 64M
 Heap Max Capacity: 1000M
 Pre-touch: Disabled
 Parallel Workers: 4
 Concurrent Workers: 1
 Concurrent Refinement Workers: 4
 Periodic GC: Disabled

Heap:
 garbage-first heap   total 65536K, used 0K [0x00000000c1800000, 0x0000000100000000)
  region size 1024K, 1 young (1024K), 0 survivors (0K)
 Metaspace       used 2900K, committed 2944K, reserved 1056768K
  class space    used 212K, committed 256K, reserved 1048576K

Heap Regions: E=young(eden), S=young(survivor), O=old, HS=humongous(starts), HC=humongous(continues), CS=collection set, F=free, OA=open archive, CA=closed archive, TAMS=top-at-mark-start (previous, next)
|   0|0x00000000c1800000, 0x00000000c1800000, 0x00000000c1900000|  0%| F|  |TAMS 0x00000000c1800000, 0x00000000c1800000| Untracked 
|   1|0x00000000c1900000, 0x00000000c1900000, 0x00000000c1a00000|  0%| F|  |TAMS 0x00000000c1900000, 0x00000000c1900000| Untracked 
|   2|0x00000000c1a00000, 0x00000000c1a00000, 0x00000000c1b00000|  0%| F|  |TAMS 0x00000000c1a00000, 0x00000000c1a00000| Untracked 
|   3|0x00000000c1b00000, 0x00000000c1b00000, 0x00000000c1c00000|  0%| F|  |TAMS 0x00000000c1b00000, 0x00000000c1b00000| Untracked 
|   4|0x00000000c1c00000, 0x00000000c1c00000, 0x00000000c1d00000|  0%| F|  |TAMS 0x00000000c1c00000, 0x00000000c1c00000| Untracked 
|   5|0x00000000c1d00000, 0x00000000c1d00000, 0x00000000c1e00000|  0%| F|  |TAMS 0x00000000c1d00000, 0x00000000c1d00000| Untracked 
|   6|0x00000000c1e00000, 0x00000000c1e00000, 0x00000000c1f00000|  0%| F|  |TAMS 0x00000000c1e00000, 0x00000000c1e00000| Untracked 
|   7|0x00000000c1f00000, 0x00000000c1f00000, 0x00000000c2000000|  0%| F|  |TAMS 0x00000000c1f00000, 0x00000000c1f00000| Untracked 
|   8|0x00000000c2000000, 0x00000000c2000000, 0x00000000c2100000|  0%| F|  |TAMS 0x00000000c2000000, 0x00000000c2000000| Untracked 
|   9|0x00000000c2100000, 0x00000000c2100000, 0x00000000c2200000|  0%| F|  |TAMS 0x00000000c2100000, 0x00000000c2100000| Untracked 
|  10|0x00000000c2200000, 0x00000000c2200000, 0x00000000c2300000|  0%| F|  |TAMS 0x00000000c2200000, 0x00000000c2200000| Untracked 
|  11|0x00000000c2300000, 0x00000000c2300000, 0x00000000c2400000|  0%| F|  |TAMS 0x00000000c2300000, 0x00000000c2300000| Untracked 
|  12|0x00000000c2400000, 0x00000000c2400000, 0x00000000c2500000|  0%| F|  |TAMS 0x00000000c2400000, 0x00000000c2400000| Untracked 
|  13|0x00000000c2500000, 0x00000000c2500000, 0x00000000c2600000|  0%| F|  |TAMS 0x00000000c2500000, 0x00000000c2500000| Untracked 
|  14|0x00000000c2600000, 0x00000000c2600000, 0x00000000c2700000|  0%| F|  |TAMS 0x00000000c2600000, 0x00000000c2600000| Untracked 
|  15|0x00000000c2700000, 0x00000000c2700000, 0x00000000c2800000|  0%| F|  |TAMS 0x00000000c2700000, 0x00000000c2700000| Untracked 
|  16|0x00000000c2800000, 0x00000000c2800000, 0x00000000c2900000|  0%| F|  |TAMS 0x00000000c2800000, 0x00000000c2800000| Untracked 
|  17|0x00000000c2900000, 0x00000000c2900000, 0x00000000c2a00000|  0%| F|  |TAMS 0x00000000c2900000, 0x00000000c2900000| Untracked 
|  18|0x00000000c2a00000, 0x00000000c2a00000, 0x00000000c2b00000|  0%| F|  |TAMS 0x00000000c2a00000, 0x00000000c2a00000| Untracked 
|  19|0x00000000c2b00000, 0x00000000c2b00000, 0x00000000c2c00000|  0%| F|  |TAMS 0x00000000c2b00000, 0x00000000c2b00000| Untracked 
|  20|0x00000000c2c00000, 0x00000000c2c00000, 0x00000000c2d00000|  0%| F|  |TAMS 0x00000000c2c00000, 0x00000000c2c00000| Untracked 
|  21|0x00000000c2d00000, 0x00000000c2d00000, 0x00000000c2e00000|  0%| F|  |TAMS 0x00000000c2d00000, 0x00000000c2d00000| Untracked 
|  22|0x00000000c2e00000, 0x00000000c2e00000, 0x00000000c2f00000|  0%| F|  |TAMS 0x00000000c2e00000, 0x00000000c2e00000| Untracked 
|  23|0x00000000c2f00000, 0x00000000c2f00000, 0x00000000c3000000|  0%| F|  |TAMS 0x00000000c2f00000, 0x00000000c2f00000| Untracked 
|  24|0x00000000c3000000, 0x00000000c3000000, 0x00000000c3100000|  0%| F|  |TAMS 0x00000000c3000000, 0x00000000c3000000| Untracked 
|  25|0x00000000c3100000, 0x00000000c3100000, 0x00000000c3200000|  0%| F|  |TAMS 0x00000000c3100000, 0x00000000c3100000| Untracked 
|  26|0x00000000c3200000, 0x00000000c3200000, 0x00000000c3300000|  0%| F|  |TAMS 0x00000000c3200000, 0x00000000c3200000| Untracked 
|  27|0x00000000c3300000, 0x00000000c3300000, 0x00000000c3400000|  0%| F|  |TAMS 0x00000000c3300000, 0x00000000c3300000| Untracked 
|  28|0x00000000c3400000, 0x00000000c3400000, 0x00000000c3500000|  0%| F|  |TAMS 0x00000000c3400000, 0x00000000c3400000| Untracked 
|  29|0x00000000c3500000, 0x00000000c3500000, 0x00000000c3600000|  0%| F|  |TAMS 0x00000000c3500000, 0x00000000c3500000| Untracked 
|  30|0x00000000c3600000, 0x00000000c3600000, 0x00000000c3700000|  0%| F|  |TAMS 0x00000000c3600000, 0x00000000c3600000| Untracked 
|  31|0x00000000c3700000, 0x00000000c3700000, 0x00000000c3800000|  0%| F|  |TAMS 0x00000000c3700000, 0x00000000c3700000| Untracked 
|  32|0x00000000c3800000, 0x00000000c3800000, 0x00000000c3900000|  0%| F|  |TAMS 0x00000000c3800000, 0x00000000c3800000| Untracked 
|  33|0x00000000c3900000, 0x00000000c3900000, 0x00000000c3a00000|  0%| F|  |TAMS 0x00000000c3900000, 0x00000000c3900000| Untracked 
|  34|0x00000000c3a00000, 0x00000000c3a00000, 0x00000000c3b00000|  0%| F|  |TAMS 0x00000000c3a00000, 0x00000000c3a00000| Untracked 
|  35|0x00000000c3b00000, 0x00000000c3b00000, 0x00000000c3c00000|  0%| F|  |TAMS 0x00000000c3b00000, 0x00000000c3b00000| Untracked 
|  36|0x00000000c3c00000, 0x00000000c3c00000, 0x00000000c3d00000|  0%| F|  |TAMS 0x00000000c3c00000, 0x00000000c3c00000| Untracked 
|  37|0x00000000c3d00000, 0x00000000c3d00000, 0x00000000c3e00000|  0%| F|  |TAMS 0x00000000c3d00000, 0x00000000c3d00000| Untracked 
|  38|0x00000000c3e00000, 0x00000000c3e00000, 0x00000000c3f00000|  0%| F|  |TAMS 0x00000000c3e00000, 0x00000000c3e00000| Untracked 
|  39|0x00000000c3f00000, 0x00000000c3f00000, 0x00000000c4000000|  0%| F|  |TAMS 0x00000000c3f00000, 0x00000000c3f00000| Untracked 
|  40|0x00000000c4000000, 0x00000000c4000000, 0x00000000c4100000|  0%| F|  |TAMS 0x00000000c4000000, 0x00000000c4000000| Untracked 
|  41|0x00000000c4100000, 0x00000000c4100000, 0x00000000c4200000|  0%| F|  |TAMS 0x00000000c4100000, 0x00000000c4100000| Untracked 
|  42|0x00000000c4200000, 0x00000000c4200000, 0x00000000c4300000|  0%| F|  |TAMS 0x00000000c4200000, 0x00000000c4200000| Untracked 
|  43|0x00000000c4300000, 0x00000000c4300000, 0x00000000c4400000|  0%| F|  |TAMS 0x00000000c4300000, 0x00000000c4300000| Untracked 
|  44|0x00000000c4400000, 0x00000000c4400000, 0x00000000c4500000|  0%| F|  |TAMS 0x00000000c4400000, 0x00000000c4400000| Untracked 
|  45|0x00000000c4500000, 0x00000000c4500000, 0x00000000c4600000|  0%| F|  |TAMS 0x00000000c4500000, 0x00000000c4500000| Untracked 
|  46|0x00000000c4600000, 0x00000000c4600000, 0x00000000c4700000|  0%| F|  |TAMS 0x00000000c4600000, 0x00000000c4600000| Untracked 
|  47|0x00000000c4700000, 0x00000000c4700000, 0x00000000c4800000|  0%| F|  |TAMS 0x00000000c4700000, 0x00000000c4700000| Untracked 
|  48|0x00000000c4800000, 0x00000000c4800000, 0x00000000c4900000|  0%| F|  |TAMS 0x00000000c4800000, 0x00000000c4800000| Untracked 
|  49|0x00000000c4900000, 0x00000000c4900000, 0x00000000c4a00000|  0%| F|  |TAMS 0x00000000c4900000, 0x00000000c4900000| Untracked 
|  50|0x00000000c4a00000, 0x00000000c4a00000, 0x00000000c4b00000|  0%| F|  |TAMS 0x00000000c4a00000, 0x00000000c4a00000| Untracked 
|  51|0x00000000c4b00000, 0x00000000c4b00000, 0x00000000c4c00000|  0%| F|  |TAMS 0x00000000c4b00000, 0x00000000c4b00000| Untracked 
|  52|0x00000000c4c00000, 0x00000000c4c00000, 0x00000000c4d00000|  0%| F|  |TAMS 0x00000000c4c00000, 0x00000000c4c00000| Untracked 
|  53|0x00000000c4d00000, 0x00000000c4d00000, 0x00000000c4e00000|  0%| F|  |TAMS 0x00000000c4d00000, 0x00000000c4d00000| Untracked 
|  54|0x00000000c4e00000, 0x00000000c4e00000, 0x00000000c4f00000|  0%| F|  |TAMS 0x00000000c4e00000, 0x00000000c4e00000| Untracked 
|  55|0x00000000c4f00000, 0x00000000c4f00000, 0x00000000c5000000|  0%| F|  |TAMS 0x00000000c4f00000, 0x00000000c4f00000| Untracked 
|  56|0x00000000c5000000, 0x00000000c5000000, 0x00000000c5100000|  0%| F|  |TAMS 0x00000000c5000000, 0x00000000c5000000| Untracked 
|  57|0x00000000c5100000, 0x00000000c5100000, 0x00000000c5200000|  0%| F|  |TAMS 0x00000000c5100000, 0x00000000c5100000| Untracked 
|  58|0x00000000c5200000, 0x00000000c5200000, 0x00000000c5300000|  0%| F|  |TAMS 0x00000000c5200000, 0x00000000c5200000| Untracked 
|  59|0x00000000c5300000, 0x00000000c5300000, 0x00000000c5400000|  0%| F|  |TAMS 0x00000000c5300000, 0x00000000c5300000| Untracked 
|  60|0x00000000c5400000, 0x00000000c5400000, 0x00000000c5500000|  0%| F|  |TAMS 0x00000000c5400000, 0x00000000c5400000| Untracked 
|  61|0x00000000c5500000, 0x00000000c5500000, 0x00000000c5600000|  0%| F|  |TAMS 0x00000000c5500000, 0x00000000c5500000| Untracked 
|  62|0x00000000c5600000, 0x00000000c5600000, 0x00000000c5700000|  0%| F|  |TAMS 0x00000000c5600000, 0x00000000c5600000| Untracked 
|  63|0x00000000c5700000, 0x00000000c57c7c20, 0x00000000c5800000| 78%| E|  |TAMS 0x00000000c5700000, 0x00000000c5700000| Complete 

Card table byte_map: [0x000002a9760f0000,0x000002a9762f0000] _byte_map_base: 0x000002a975ae4000

Marking Bits (Prev, Next): (CMBitMap*) 0x000002a972858ce0, (CMBitMap*) 0x000002a972858d20
 Prev Bits: [0x000002a9764f0000, 0x000002a977490000)
 Next Bits: [0x000002a977490000, 0x000002a978430000)

Polling page: 0x000002a9706b0000

Metaspace:

Usage:
  Non-class:      2.62 MB used.
      Class:    212.73 KB used.
       Both:      2.83 MB used.

Virtual space:
  Non-class space:        8.00 MB reserved,       2.62 MB ( 33%) committed,  1 nodes.
      Class space:        1.00 GB reserved,     256.00 KB ( <1%) committed,  1 nodes.
             Both:        1.01 GB reserved,       2.88 MB ( <1%) committed. 

Chunk freelists:
   Non-Class:  0 bytes
       Class:  3.75 MB
        Both:  3.75 MB

MaxMetaspaceSize: unlimited
CompressedClassSpaceSize: 1.00 GB
Initial GC threshold: 21.00 MB
Current GC threshold: 21.00 MB
CDS: off
MetaspaceReclaimPolicy: balanced
 - commit_granule_bytes: 65536.
 - commit_granule_words: 8192.
 - virtual_space_node_default_size: 1048576.
 - enlarge_chunks_in_place: 1.
 - new_chunks_are_fully_committed: 0.
 - uncommit_free_chunks: 1.
 - use_allocation_guard: 0.
 - handle_deallocations: 1.


Internal statistics:

num_allocs_failed_limit: 0.
num_arena_births: 2.
num_arena_deaths: 0.
num_vsnodes_births: 2.
num_vsnodes_deaths: 0.
num_space_committed: 46.
num_space_uncommitted: 0.
num_chunks_returned_to_freelist: 0.
num_chunks_taken_from_freelist: 3.
num_chunk_merges: 0.
num_chunk_splits: 1.
num_chunks_enlarged: 0.
num_purges: 0.
num_inconsistent_stats: 0.

CodeHeap 'non-profiled nmethods': size=120000Kb used=1Kb max_used=1Kb free=119999Kb
 bounds [0x000002a907ad0000, 0x000002a907d40000, 0x000002a90f000000]
CodeHeap 'profiled nmethods': size=120000Kb used=23Kb max_used=23Kb free=119976Kb
 bounds [0x000002a9005a0000, 0x000002a900810000, 0x000002a907ad0000]
CodeHeap 'non-nmethods': size=5760Kb used=1019Kb max_used=1032Kb free=4740Kb
 bounds [0x000002a900000000, 0x000002a900270000, 0x000002a9005a0000]
 total_blobs=287 nmethods=18 adapters=182
 compilation: enabled
              stopped_count=0, restarted_count=0
 full_count=0

Compilation events (20 events):
Event: 0.192 Thread 0x000002a97a95cec0    9       3       java.lang.StringLatin1::equals (36 bytes)
Event: 0.192 Thread 0x000002a97a95cec0 nmethod 9 0x000002a9005a2d90 code [0x000002a9005a2f40, 0x000002a9005a31f8]
Event: 0.193 Thread 0x000002a97a95cec0   10       3       java.util.Set::of (4 bytes)
Event: 0.193 Thread 0x000002a97a95cec0 nmethod 10 0x000002a9005a3310 code [0x000002a9005a34a0, 0x000002a9005a3598]
Event: 0.194 Thread 0x000002a97a95cec0   11       3       java.lang.module.ModuleDescriptor$Exports::<init> (20 bytes)
Event: 0.194 Thread 0x000002a97a95cec0 nmethod 11 0x000002a9005a3610 code [0x000002a9005a37c0, 0x000002a9005a3a38]
Event: 0.195 Thread 0x000002a97a95cec0   12       3       java.lang.module.ModuleDescriptor$Exports::hashCode (38 bytes)
Event: 0.195 Thread 0x000002a97a95cec0 nmethod 12 0x000002a9005a3b10 code [0x000002a9005a3ce0, 0x000002a9005a3fe8]
Event: 0.195 Thread 0x000002a97a903670   13       4       java.lang.StringLatin1::hashCode (42 bytes)
Event: 0.202 Thread 0x000002a97a95cec0   14       3       java.util.Objects::requireNonNull (14 bytes)
Event: 0.202 Thread 0x000002a97a95cec0 nmethod 14 0x000002a9005a4110 code [0x000002a9005a42c0, 0x000002a9005a44a8]
Event: 0.203 Thread 0x000002a97a903670 nmethod 13 0x000002a907ad0010 code [0x000002a907ad0180, 0x000002a907ad02f8]
Event: 0.205 Thread 0x000002a97a95cec0   15       3       java.util.AbstractCollection::<init> (5 bytes)
Event: 0.205 Thread 0x000002a97a95cec0 nmethod 15 0x000002a9005a4590 code [0x000002a9005a4720, 0x000002a9005a4878]
Event: 0.206 Thread 0x000002a97a95cec0   16       3       java.util.ImmutableCollections$AbstractImmutableCollection::<init> (5 bytes)
Event: 0.206 Thread 0x000002a97a95cec0 nmethod 16 0x000002a9005a4910 code [0x000002a9005a4ac0, 0x000002a9005a4c78]
Event: 0.207 Thread 0x000002a97a95cec0   17       3       java.util.ImmutableCollections$AbstractImmutableSet::<init> (5 bytes)
Event: 0.208 Thread 0x000002a97a95cec0 nmethod 17 0x000002a9005a4d90 code [0x000002a9005a4f40, 0x000002a9005a5178]
Event: 0.209 Thread 0x000002a97a95cec0   18       3       java.util.Set::of (68 bytes)
Event: 0.210 Thread 0x000002a97a95cec0 nmethod 18 0x000002a9005a5290 code [0x000002a9005a54c0, 0x000002a9005a5cc8]

GC Heap History (0 events):
No events

Deoptimization events (0 events):
No events

Classes unloaded (0 events):
No events

Classes redefined (0 events):
No events

Internal exceptions (0 events):
No events

VM Operations (0 events):
No events

Events (20 events):
Event: 0.177 loading class java/lang/module/ModuleDescriptor$Exports done
Event: 0.180 loading class java/lang/module/ModuleDescriptor$Opens
Event: 0.180 loading class java/lang/module/ModuleDescriptor$Opens done
Event: 0.182 loading class java/lang/module/ModuleDescriptor$Provides
Event: 0.182 loading class java/lang/module/ModuleDescriptor$Provides done
Event: 0.182 loading class java/util/ImmutableCollections$List12
Event: 0.185 loading class java/util/ImmutableCollections$List12 done
Event: 0.185 loading class java/lang/module/ModuleDescriptor$Version
Event: 0.186 loading class java/lang/module/ModuleDescriptor$Version done
Event: 0.186 loading class java/lang/module/ModuleDescriptor$Modifier
Event: 0.186 loading class java/lang/Enum
Event: 0.187 loading class java/lang/Enum done
Event: 0.187 loading class java/lang/module/ModuleDescriptor$Modifier done
Event: 0.187 loading class java/lang/module/ModuleDescriptor$Requires$Modifier
Event: 0.187 loading class java/lang/module/ModuleDescriptor$Requires$Modifier done
Event: 0.210 loading class jdk/internal/module/ModuleTarget
Event: 0.210 loading class jdk/internal/module/ModuleTarget done
Event: 0.210 loading class jdk/internal/module/ModuleHashes
Event: 0.210 loading class java/lang/ClassFormatError
Event: 0.210 loading class java/lang/ClassFormatError done


Dynamic libraries:
0x00007ff7b7430000 - 0x00007ff7b743e000 	C:\Program Files\eclipse\plugins\org.eclipse.justj.openjdk.hotspot.jre.full.win32.x86_64_17.0.4.v20220903-1038\jre\bin\javaw.exe
0x00007fff4f3d0000 - 0x00007fff4f5c8000 	C:\Windows\SYSTEM32\ntdll.dll
0x00007fff4f2d0000 - 0x00007fff4f38f000 	C:\Windows\System32\KERNEL32.DLL
0x00007fff4ccf0000 - 0x00007fff4cfc2000 	C:\Windows\System32\KERNELBASE.dll
0x00007fff4cfd0000 - 0x00007fff4d0d0000 	C:\Windows\System32\ucrtbase.dll
0x00007fff4abd0000 - 0x00007fff4abe8000 	C:\Program Files\eclipse\plugins\org.eclipse.justj.openjdk.hotspot.jre.full.win32.x86_64_17.0.4.v20220903-1038\jre\bin\jli.dll
0x00007fff4ab30000 - 0x00007fff4ab49000 	C:\Program Files\eclipse\plugins\org.eclipse.justj.openjdk.hotspot.jre.full.win32.x86_64_17.0.4.v20220903-1038\jre\bin\VCRUNTIME140.dll
0x00007fff4d620000 - 0x00007fff4d7c1000 	C:\Windows\System32\USER32.dll
0x00007fff4ccc0000 - 0x00007fff4cce2000 	C:\Windows\System32\win32u.dll
0x00007fff4d4c0000 - 0x00007fff4d4eb000 	C:\Windows\System32\GDI32.dll
0x00007fff4be50000 - 0x00007fff4c0ea000 	C:\Windows\WinSxS\amd64_microsoft.windows.common-controls_6595b64144ccf1df_6.0.19041.1110_none_60b5254171f9507e\COMCTL32.dll
0x00007fff4cbb0000 - 0x00007fff4ccbf000 	C:\Windows\System32\gdi32full.dll
0x00007fff4cb10000 - 0x00007fff4cbad000 	C:\Windows\System32\msvcp_win.dll
0x00007fff4dbf0000 - 0x00007fff4dc8e000 	C:\Windows\System32\msvcrt.dll
0x00007fff4ef30000 - 0x00007fff4ef62000 	C:\Windows\System32\IMM32.DLL
0x00007fff4aa10000 - 0x00007fff4aa1c000 	C:\Program Files\eclipse\plugins\org.eclipse.justj.openjdk.hotspot.jre.full.win32.x86_64_17.0.4.v20220903-1038\jre\bin\vcruntime140_1.dll
0x00007fff39120000 - 0x00007fff391b1000 	C:\Program Files\eclipse\plugins\org.eclipse.justj.openjdk.hotspot.jre.full.win32.x86_64_17.0.4.v20220903-1038\jre\bin\msvcp140.dll
0x00007ffefb7b0000 - 0x00007ffefc3f6000 	C:\Program Files\eclipse\plugins\org.eclipse.justj.openjdk.hotspot.jre.full.win32.x86_64_17.0.4.v20220903-1038\jre\bin\server\jvm.dll
0x00007fff4e4d0000 - 0x00007fff4e57e000 	C:\Windows\System32\ADVAPI32.dll
0x00007fff4e740000 - 0x00007fff4e7dc000 	C:\Windows\System32\sechost.dll
0x00007fff4d4f0000 - 0x00007fff4d615000 	C:\Windows\System32\RPCRT4.dll
0x00007fff4db10000 - 0x00007fff4db18000 	C:\Windows\System32\PSAPI.DLL
0x00007fff47a70000 - 0x00007fff47a79000 	C:\Windows\SYSTEM32\WSOCK32.dll
0x00007fff4de90000 - 0x00007fff4defb000 	C:\Windows\System32\WS2_32.dll
0x00007fff34330000 - 0x00007fff34357000 	C:\Windows\SYSTEM32\WINMM.dll
0x00007fff3c300000 - 0x00007fff3c30a000 	C:\Windows\SYSTEM32\VERSION.dll
0x00007fff49b80000 - 0x00007fff49b92000 	C:\Windows\SYSTEM32\kernel.appcore.dll
0x00007fff47000000 - 0x00007fff4700a000 	C:\Program Files\eclipse\plugins\org.eclipse.justj.openjdk.hotspot.jre.full.win32.x86_64_17.0.4.v20220903-1038\jre\bin\jimage.dll
0x00007fff4c460000 - 0x00007fff4c644000 	C:\Windows\SYSTEM32\DBGHELP.DLL
0x00007fff4c200000 - 0x00007fff4c235000 	C:\Windows\SYSTEM32\dbgcore.DLL
0x00007fff4d260000 - 0x00007fff4d2e2000 	C:\Windows\System32\bcryptPrimitives.dll
0x00007fff45020000 - 0x00007fff45045000 	C:\Program Files\eclipse\plugins\org.eclipse.justj.openjdk.hotspot.jre.full.win32.x86_64_17.0.4.v20220903-1038\jre\bin\java.dll
0x00007fff46fe0000 - 0x00007fff46ff8000 	C:\Program Files\eclipse\plugins\org.eclipse.justj.openjdk.hotspot.jre.full.win32.x86_64_17.0.4.v20220903-1038\jre\bin\zip.dll
0x00007fff4e7e0000 - 0x00007fff4ef24000 	C:\Windows\System32\SHELL32.dll
0x00007fff49d80000 - 0x00007fff4a512000 	C:\Windows\SYSTEM32\windows.storage.dll
0x00007fff4ef70000 - 0x00007fff4f2c5000 	C:\Windows\System32\combase.dll
0x00007fff4bdb0000 - 0x00007fff4bde0000 	C:\Windows\SYSTEM32\Wldp.dll
0x00007fff4d410000 - 0x00007fff4d4bd000 	C:\Windows\System32\SHCORE.dll
0x00007fff4e6e0000 - 0x00007fff4e735000 	C:\Windows\System32\shlwapi.dll
0x00007fff4ca00000 - 0x00007fff4ca1f000 	C:\Windows\SYSTEM32\profapi.dll

dbghelp: loaded successfully - version: 4.0.5 - missing functions: none
symbol engine: initialized successfully - sym options: 0x614 - pdb path: .;C:\Program Files\eclipse\plugins\org.eclipse.justj.openjdk.hotspot.jre.full.win32.x86_64_17.0.4.v20220903-1038\jre\bin;C:\Windows\SYSTEM32;C:\Windows\WinSxS\amd64_microsoft.windows.common-controls_6595b64144ccf1df_6.0.19041.1110_none_60b5254171f9507e;C:\Program Files\eclipse\plugins\org.eclipse.justj.openjdk.hotspot.jre.full.win32.x86_64_17.0.4.v20220903-1038\jre\bin\server

VM Arguments:
jvm_args: -Dfile.encoding=UTF-8 -XX:+ShowCodeDetailsInExceptionMessages 
java_command: tp5.Principale
java_class_path (initial): F:\java work\tp55\bin;C:\jdbc\mysql-connector-j-8.0.31.jar
Launcher Type: SUN_STANDARD

[Global flags]
     intx CICompilerCount                          = 3                                         {product} {ergonomic}
     uint ConcGCThreads                            = 1                                         {product} {ergonomic}
     uint G1ConcRefinementThreads                  = 4                                         {product} {ergonomic}
   size_t G1HeapRegionSize                         = 1048576                                   {product} {ergonomic}
    uintx GCDrainStackTargetSize                   = 64                                        {product} {ergonomic}
   size_t InitialHeapSize                          = 67108864                                  {product} {ergonomic}
   size_t MarkStackSize                            = 4194304                                   {product} {ergonomic}
   size_t MaxHeapSize                              = 1048576000                                {product} {ergonomic}
   size_t MaxNewSize                               = 629145600                                 {product} {ergonomic}
   size_t MinHeapDeltaBytes                        = 1048576                                   {product} {ergonomic}
   size_t MinHeapSize                              = 8388608                                   {product} {ergonomic}
    uintx NonNMethodCodeHeapSize                   = 5832780                                {pd product} {ergonomic}
    uintx NonProfiledCodeHeapSize                  = 122912730                              {pd product} {ergonomic}
    uintx ProfiledCodeHeapSize                     = 122912730                              {pd product} {ergonomic}
    uintx ReservedCodeCacheSize                    = 251658240                              {pd product} {ergonomic}
     bool SegmentedCodeCache                       = true                                      {product} {ergonomic}
     bool ShowCodeDetailsInExceptionMessages       = true                                   {manageable} {command line}
   size_t SoftMaxHeapSize                          = 1048576000                             {manageable} {ergonomic}
     bool UseCompressedClassPointers               = true                           {product lp64_product} {ergonomic}
     bool UseCompressedOops                        = true                           {product lp64_product} {ergonomic}
     bool UseG1GC                                  = true                                      {product} {ergonomic}
     bool UseLargePagesIndividualAllocation        = false                                  {pd product} {ergonomic}

Logging:
Log output configuration:
 #0: stdout all=warning uptime,level,tags
 #1: stderr all=off uptime,level,tags

Environment Variables:
CLASSPATH=C:\jdbc\mysql-connector-j-8.0.31.jar
PATH=C:/Program Files/eclipse//plugins/org.eclipse.justj.openjdk.hotspot.jre.full.win32.x86_64_17.0.4.v20220903-1038/jre/bin/server;C:/Program Files/eclipse//plugins/org.eclipse.justj.openjdk.hotspot.jre.full.win32.x86_64_17.0.4.v20220903-1038/jre/bin;C:\Windows\system32;C:\Windows;C:\Windows\System32\Wbem;C:\Windows\System32\WindowsPowerShell\v1.0\;C:\Windows\System32\OpenSSH\;C:\Program Files\java\jdk-19.0.1\bin;C:\Users\PC\AppData\Local\Microsoft\WindowsApps;;C:\Program Files\eclipse;
USERNAME=PC
OS=Windows_NT
PROCESSOR_IDENTIFIER=Intel64 Family 6 Model 61 Stepping 4, GenuineIntel
TMP=C:\Users\PC\AppData\Local\Temp
TEMP=C:\Users\PC\AppData\Local\Temp



---------------  S Y S T E M  ---------------

OS:
 Windows 10 , 64 bit Build 19041 (10.0.19041.2364)
OS uptime: 1 days 1:23 hours

CPU: total 4 (initial active 4) (2 cores per cpu, 2 threads per core) family 6 model 61 stepping 4 microcode 0x2d, cx8, cmov, fxsr, ht, mmx, 3dnowpref, sse, sse2, sse3, ssse3, sse4.1, sse4.2, popcnt, lzcnt, tsc, tscinvbit, avx, avx2, aes, erms, clmul, bmi1, bmi2, adx, fma, vzeroupper, clflush

Memory: 4k page, system-wide physical 3994M (475M free)
TotalPageFile size 16282M (AvailPageFile size 4M)
current process WorkingSet (physical memory assigned to process): 24M, peak: 24M
current process commit charge ("private bytes"): 124M, peak: 124M

vm_info: OpenJDK 64-Bit Server VM (17.0.4.1+1) for windows-amd64 JRE (17.0.4.1+1), built on Aug 17 2022 07:42:43 by "temurin" with MS VC++ 16.7 (VS2019)

END.
